{"C:\\Users\\usuario\\Documents\\Codigos\\6\\Testing\\vite-project\\src\\App.tsx": {"path":"C:\\Users\\usuario\\Documents\\Codigos\\6\\Testing\\vite-project\\src\\App.tsx","statementMap":{"0":{"start":{"line":1,"column":0},"end":{"line":1,"column":32}},"1":{"start":{"line":2,"column":0},"end":{"line":2,"column":42}},"2":{"start":{"line":3,"column":0},"end":{"line":3,"column":32}},"3":{"start":{"line":4,"column":0},"end":{"line":4,"column":18}},"4":{"start":{"line":7,"column":28},"end":{"line":7,"column":39}},"5":{"start":{"line":9,"column":2},"end":{"line":32,"column":null}},"6":{"start":{"line":21,"column":31},"end":{"line":21,"column":61}},"7":{"start":{"line":21,"column":51},"end":{"line":21,"column":60}},"8":{"start":{"line":35,"column":0},"end":{"line":35,"column":null}}},"fnMap":{"0":{"name":"App","decl":{"start":{"line":6,"column":9},"end":{"line":6,"column":12}},"loc":{"start":{"line":6,"column":12},"end":{"line":33,"column":1}}},"1":{"name":"(anonymous_2)","decl":{"start":{"line":21,"column":25},"end":{"line":21,"column":28}},"loc":{"start":{"line":21,"column":31},"end":{"line":21,"column":61}}},"2":{"name":"(anonymous_3)","decl":{"start":{"line":21,"column":40},"end":{"line":21,"column":41}},"loc":{"start":{"line":21,"column":51},"end":{"line":21,"column":60}}}},"branchMap":{},"s":{"0":0,"1":0,"2":0,"3":0,"4":0,"5":0,"6":0,"7":0,"8":0},"f":{"0":0,"1":0,"2":0},"b":{}}
,"C:\\Users\\usuario\\Documents\\Codigos\\6\\Testing\\vite-project\\src\\main.tsx": {"path":"C:\\Users\\usuario\\Documents\\Codigos\\6\\Testing\\vite-project\\src\\main.tsx","statementMap":{"0":{"start":{"line":1,"column":0},"end":{"line":1,"column":34}},"1":{"start":{"line":2,"column":0},"end":{"line":2,"column":45}},"2":{"start":{"line":3,"column":0},"end":{"line":3,"column":20}},"3":{"start":{"line":4,"column":0},"end":{"line":4,"column":27}},"4":{"start":{"line":6,"column":0},"end":{"line":10,"column":null}}},"fnMap":{},"branchMap":{},"s":{"0":0,"1":0,"2":0,"3":0,"4":0},"f":{},"b":{}}
,"C:\\Users\\usuario\\Documents\\Codigos\\6\\Testing\\vite-project\\src\\vite-env.d.ts": {"path":"C:\\Users\\usuario\\Documents\\Codigos\\6\\Testing\\vite-project\\src\\vite-env.d.ts","statementMap":{},"fnMap":{},"branchMap":{},"s":{},"f":{},"b":{}}
,"C:\\Users\\usuario\\Documents\\Codigos\\6\\Testing\\vite-project\\src\\exercise\\00-MockFunctions\\forEach.ts": {"path":"C:\\Users\\usuario\\Documents\\Codigos\\6\\Testing\\vite-project\\src\\exercise\\00-MockFunctions\\forEach.ts","statementMap":{"0":{"start":{"line":5,"column":0},"end":{"line":5,"column":16}},"1":{"start":{"line":6,"column":2},"end":{"line":8,"column":3}},"2":{"start":{"line":7,"column":4},"end":{"line":7,"column":19}}},"fnMap":{"0":{"name":"forEach","decl":{"start":{"line":5,"column":16},"end":{"line":5,"column":23}},"loc":{"start":{"line":5,"column":60},"end":{"line":9,"column":1}}}},"branchMap":{},"s":{"0":1,"1":4,"2":12},"f":{"0":4},"b":{}}
,"C:\\Users\\usuario\\Documents\\Codigos\\6\\Testing\\vite-project\\src\\exercise\\01-MockModule\\convertCase.ts": {"path":"C:\\Users\\usuario\\Documents\\Codigos\\6\\Testing\\vite-project\\src\\exercise\\01-MockModule\\convertCase.ts","statementMap":{"0":{"start":{"line":7,"column":0},"end":{"line":7,"column":16}},"1":{"start":{"line":3,"column":0},"end":{"line":3,"column":66}},"2":{"start":{"line":9,"column":2},"end":{"line":18,"column":3}},"3":{"start":{"line":11,"column":6},"end":{"line":11,"column":30}},"4":{"start":{"line":13,"column":6},"end":{"line":13,"column":30}},"5":{"start":{"line":15,"column":6},"end":{"line":15,"column":32}},"6":{"start":{"line":17,"column":6},"end":{"line":17,"column":17}}},"fnMap":{"0":{"name":"convertCase","decl":{"start":{"line":7,"column":16},"end":{"line":7,"column":27}},"loc":{"start":{"line":7,"column":59},"end":{"line":19,"column":1}}}},"branchMap":{"0":{"loc":{"start":{"line":9,"column":2},"end":{"line":18,"column":3}},"type":"switch","locations":[{"start":{"line":10,"column":4},"end":{"line":11,"column":30}},{"start":{"line":12,"column":4},"end":{"line":13,"column":30}},{"start":{"line":14,"column":4},"end":{"line":15,"column":32}},{"start":{"line":16,"column":4},"end":{"line":17,"column":17}}]}},"s":{"0":1,"1":1,"2":6,"3":2,"4":1,"5":2,"6":1},"f":{"0":6},"b":{"0":[2,1,2,1]}}
,"C:\\Users\\usuario\\Documents\\Codigos\\6\\Testing\\vite-project\\src\\exercise\\01-MockModule\\utils.ts": {"path":"C:\\Users\\usuario\\Documents\\Codigos\\6\\Testing\\vite-project\\src\\exercise\\01-MockModule\\utils.ts","statementMap":{"0":{"start":{"line":1,"column":0},"end":{"line":1,"column":16}},"1":{"start":{"line":5,"column":0},"end":{"line":5,"column":16}},"2":{"start":{"line":9,"column":0},"end":{"line":9,"column":16}},"3":{"start":{"line":2,"column":2},"end":{"line":2,"column":42}},"4":{"start":{"line":6,"column":2},"end":{"line":6,"column":27}},"5":{"start":{"line":10,"column":2},"end":{"line":10,"column":27}}},"fnMap":{"0":{"name":"reverseString","decl":{"start":{"line":1,"column":16},"end":{"line":1,"column":29}},"loc":{"start":{"line":1,"column":41},"end":{"line":3,"column":1}}},"1":{"name":"toUpperCase","decl":{"start":{"line":5,"column":16},"end":{"line":5,"column":27}},"loc":{"start":{"line":5,"column":39},"end":{"line":7,"column":1}}},"2":{"name":"toLowerCase","decl":{"start":{"line":9,"column":16},"end":{"line":9,"column":27}},"loc":{"start":{"line":9,"column":39},"end":{"line":11,"column":1}}}},"branchMap":{},"s":{"0":0,"1":0,"2":0,"3":0,"4":0,"5":0},"f":{"0":0,"1":0,"2":0},"b":{}}
,"C:\\Users\\usuario\\Documents\\Codigos\\6\\Testing\\vite-project\\src\\exercise\\02-Snapshots\\SuperHeros\\getFlyingSuperHeros.ts": {"path":"C:\\Users\\usuario\\Documents\\Codigos\\6\\Testing\\vite-project\\src\\exercise\\02-Snapshots\\SuperHeros\\getFlyingSuperHeros.ts","statementMap":{"0":{"start":{"line":6,"column":0},"end":{"line":6,"column":16}},"1":{"start":{"line":7,"column":2},"end":{"line":7,"column":75}},"2":{"start":{"line":7,"column":42},"end":{"line":7,"column":73}}},"fnMap":{"0":{"name":"getFlyingSuperHeros","decl":{"start":{"line":6,"column":16},"end":{"line":6,"column":35}},"loc":{"start":{"line":6,"column":60},"end":{"line":8,"column":1}}},"1":{"name":"(anonymous_1)","decl":{"start":{"line":7,"column":27},"end":{"line":7,"column":28}},"loc":{"start":{"line":7,"column":42},"end":{"line":7,"column":73}}}},"branchMap":{},"s":{"0":1,"1":3,"2":24},"f":{"0":3,"1":24},"b":{}}
,"C:\\Users\\usuario\\Documents\\Codigos\\6\\Testing\\vite-project\\src\\exercise\\02-Snapshots\\SuperHeros\\superHeros.ts": {"path":"C:\\Users\\usuario\\Documents\\Codigos\\6\\Testing\\vite-project\\src\\exercise\\02-Snapshots\\SuperHeros\\superHeros.ts","statementMap":{"0":{"start":{"line":1,"column":13},"end":{"line":18,"column":2}}},"fnMap":{},"branchMap":{},"s":{"0":1},"f":{},"b":{}}
,"C:\\Users\\usuario\\Documents\\Codigos\\6\\Testing\\vite-project\\src\\exercise\\03-ReactDom\\Counter.tsx": {"path":"C:\\Users\\usuario\\Documents\\Codigos\\6\\Testing\\vite-project\\src\\exercise\\03-ReactDom\\Counter.tsx","statementMap":{"0":{"start":{"line":1,"column":0},"end":{"line":1,"column":26}},"1":{"start":{"line":3,"column":26},"end":{"line":16,"column":1}},"2":{"start":{"line":4,"column":28},"end":{"line":4,"column":45}},"3":{"start":{"line":6,"column":20},"end":{"line":6,"column":45}},"4":{"start":{"line":6,"column":26},"end":{"line":6,"column":45}},"5":{"start":{"line":7,"column":20},"end":{"line":7,"column":45}},"6":{"start":{"line":7,"column":26},"end":{"line":7,"column":45}},"7":{"start":{"line":9,"column":2},"end":{"line":15,"column":4}},"8":{"start":{"line":18,"column":0},"end":{"line":18,"column":23}}},"fnMap":{"0":{"name":"(anonymous_1)","decl":{"start":{"line":3,"column":26},"end":{"line":3,"column":29}},"loc":{"start":{"line":3,"column":31},"end":{"line":16,"column":1}}},"1":{"name":"(anonymous_2)","decl":{"start":{"line":6,"column":20},"end":{"line":6,"column":23}},"loc":{"start":{"line":6,"column":26},"end":{"line":6,"column":45}}},"2":{"name":"(anonymous_3)","decl":{"start":{"line":7,"column":20},"end":{"line":7,"column":23}},"loc":{"start":{"line":7,"column":26},"end":{"line":7,"column":45}}}},"branchMap":{},"s":{"0":1,"1":1,"2":4,"3":4,"4":1,"5":4,"6":1,"7":4,"8":1},"f":{"0":4,"1":1,"2":1},"b":{}}
,"C:\\Users\\usuario\\Documents\\Codigos\\6\\Testing\\vite-project\\src\\exercise\\04-ReactTestingLibrary\\Users.tsx": {"path":"C:\\Users\\usuario\\Documents\\Codigos\\6\\Testing\\vite-project\\src\\exercise\\04-ReactTestingLibrary\\Users.tsx","statementMap":{"0":{"start":{"line":1,"column":0},"end":{"line":1,"column":26}},"1":{"start":{"line":3,"column":14},"end":{"line":13,"column":1}},"2":{"start":{"line":4,"column":2},"end":{"line":12,"column":4}},"3":{"start":{"line":15,"column":0},"end":{"line":15,"column":21}}},"fnMap":{"0":{"name":"(anonymous_1)","decl":{"start":{"line":3,"column":14},"end":{"line":3,"column":17}},"loc":{"start":{"line":3,"column":19},"end":{"line":13,"column":1}}}},"branchMap":{},"s":{"0":1,"1":1,"2":2,"3":1},"f":{"0":2},"b":{}}
,"C:\\Users\\usuario\\Documents\\Codigos\\6\\Testing\\vite-project\\src\\exercise\\06-Practice-UserAccount\\UserAccount.tsx": {"path":"C:\\Users\\usuario\\Documents\\Codigos\\6\\Testing\\vite-project\\src\\exercise\\06-Practice-UserAccount\\UserAccount.tsx","statementMap":{"0":{"start":{"line":1,"column":0},"end":{"line":1,"column":31}},"1":{"start":{"line":9,"column":27},"end":{"line":20,"column":1}},"2":{"start":{"line":11,"column":2},"end":{"line":19,"column":4}},"3":{"start":{"line":9,"column":13},"end":{"line":9,"column":27}}},"fnMap":{"0":{"name":"(anonymous_9)","decl":{"start":{"line":9,"column":27},"end":{"line":9,"column":28}},"loc":{"start":{"line":9,"column":57},"end":{"line":20,"column":1}}}},"branchMap":{"0":{"loc":{"start":{"line":14,"column":7},"end":{"line":14,"column":46}},"type":"binary-expr","locations":[{"start":{"line":14,"column":7},"end":{"line":14,"column":21}},{"start":{"line":14,"column":25},"end":{"line":14,"column":46}}]}},"s":{"0":0,"1":0,"2":0,"3":0},"f":{"0":0},"b":{"0":[0,0]}}
,"C:\\Users\\usuario\\Documents\\Codigos\\6\\Testing\\vite-project\\src\\exercise\\06-Practice-UserAccount\\UserList.tsx": {"path":"C:\\Users\\usuario\\Documents\\Codigos\\6\\Testing\\vite-project\\src\\exercise\\06-Practice-UserAccount\\UserList.tsx","statementMap":{"0":{"start":{"line":1,"column":0},"end":{"line":1,"column":31}},"1":{"start":{"line":4,"column":24},"end":{"line":20,"column":1}},"2":{"start":{"line":5,"column":2},"end":{"line":7,"column":3}},"3":{"start":{"line":6,"column":4},"end":{"line":6,"column":37}},"4":{"start":{"line":8,"column":2},"end":{"line":19,"column":4}},"5":{"start":{"line":13,"column":10},"end":{"line":13,"column":null}},"6":{"start":{"line":4,"column":13},"end":{"line":4,"column":24}}},"fnMap":{"0":{"name":"(anonymous_9)","decl":{"start":{"line":4,"column":24},"end":{"line":4,"column":25}},"loc":{"start":{"line":4,"column":58},"end":{"line":20,"column":1}}},"1":{"name":"(anonymous_10)","decl":{"start":{"line":12,"column":19},"end":{"line":12,"column":20}},"loc":{"start":{"line":13,"column":10},"end":{"line":13,"column":null}}}},"branchMap":{"0":{"loc":{"start":{"line":5,"column":2},"end":{"line":7,"column":3}},"type":"if","locations":[{"start":{"line":5,"column":2},"end":{"line":7,"column":3}}]}},"s":{"0":0,"1":0,"2":0,"3":0,"4":0,"5":0,"6":0},"f":{"0":0,"1":0},"b":{"0":[0]}}
,"C:\\Users\\usuario\\Documents\\Codigos\\6\\Testing\\vite-project\\src\\exercise\\08-MockHTTPRequests\\handlers.ts": {"path":"C:\\Users\\usuario\\Documents\\Codigos\\6\\Testing\\vite-project\\src\\exercise\\08-MockHTTPRequests\\handlers.ts","statementMap":{"0":{"start":{"line":1,"column":0},"end":{"line":1,"column":27}},"1":{"start":{"line":3,"column":13},"end":{"line":14,"column":2}},"2":{"start":{"line":5,"column":35},"end":{"line":5,"column":51}},"3":{"start":{"line":6,"column":4},"end":{"line":11,"column":5}},"4":{"start":{"line":7,"column":6},"end":{"line":10,"column":8}},"5":{"start":{"line":12,"column":4},"end":{"line":12,"column":75}}},"fnMap":{"0":{"name":"(anonymous_0)","decl":{"start":{"line":4,"column":59},"end":{"line":4,"column":64}},"loc":{"start":{"line":4,"column":83},"end":{"line":13,"column":3}}}},"branchMap":{"0":{"loc":{"start":{"line":6,"column":4},"end":{"line":11,"column":5}},"type":"if","locations":[{"start":{"line":6,"column":4},"end":{"line":11,"column":5}}]},"1":{"loc":{"start":{"line":6,"column":8},"end":{"line":6,"column":30}},"type":"binary-expr","locations":[{"start":{"line":6,"column":8},"end":{"line":6,"column":17}},{"start":{"line":6,"column":21},"end":{"line":6,"column":30}}]}},"s":{"0":0,"1":0,"2":0,"3":0,"4":0,"5":0},"f":{"0":0},"b":{"0":[0],"1":[0,0]}}
,"C:\\Users\\usuario\\Documents\\Codigos\\6\\Testing\\vite-project\\src\\exercise\\sharedComponent\\Counter.tsx": {"path":"C:\\Users\\usuario\\Documents\\Codigos\\6\\Testing\\vite-project\\src\\exercise\\sharedComponent\\Counter.tsx","statementMap":{"0":{"start":{"line":1,"column":0},"end":{"line":1,"column":26}},"1":{"start":{"line":3,"column":26},"end":{"line":17,"column":1}},"2":{"start":{"line":4,"column":28},"end":{"line":4,"column":45}},"3":{"start":{"line":6,"column":20},"end":{"line":6,"column":45}},"4":{"start":{"line":6,"column":26},"end":{"line":6,"column":45}},"5":{"start":{"line":7,"column":20},"end":{"line":7,"column":45}},"6":{"start":{"line":7,"column":26},"end":{"line":7,"column":45}},"7":{"start":{"line":9,"column":2},"end":{"line":16,"column":4}},"8":{"start":{"line":19,"column":0},"end":{"line":21,"column":7}},"9":{"start":{"line":23,"column":0},"end":{"line":23,"column":23}}},"fnMap":{"0":{"name":"(anonymous_1)","decl":{"start":{"line":3,"column":26},"end":{"line":3,"column":29}},"loc":{"start":{"line":3,"column":31},"end":{"line":17,"column":1}}},"1":{"name":"(anonymous_2)","decl":{"start":{"line":6,"column":20},"end":{"line":6,"column":23}},"loc":{"start":{"line":6,"column":26},"end":{"line":6,"column":45}}},"2":{"name":"(anonymous_3)","decl":{"start":{"line":7,"column":20},"end":{"line":7,"column":23}},"loc":{"start":{"line":7,"column":26},"end":{"line":7,"column":45}}}},"branchMap":{},"s":{"0":2,"1":2,"2":4,"3":4,"4":1,"5":4,"6":1,"7":4,"8":2,"9":2},"f":{"0":4,"1":1,"2":1},"b":{}}
,"C:\\Users\\usuario\\Documents\\Codigos\\6\\Testing\\vite-project\\src\\exercise\\sharedComponent\\Login.tsx": {"path":"C:\\Users\\usuario\\Documents\\Codigos\\6\\Testing\\vite-project\\src\\exercise\\sharedComponent\\Login.tsx","statementMap":{"0":{"start":{"line":1,"column":0},"end":{"line":1,"column":40}},"1":{"start":{"line":7,"column":36},"end":{"line":47,"column":1}},"2":{"start":{"line":8,"column":34},"end":{"line":8,"column":46}},"3":{"start":{"line":9,"column":34},"end":{"line":9,"column":46}},"4":{"start":{"line":11,"column":23},"end":{"line":20,"column":3}},"5":{"start":{"line":12,"column":4},"end":{"line":12,"column":23}},"6":{"start":{"line":13,"column":17},"end":{"line":13,"column":51}},"7":{"start":{"line":14,"column":22},"end":{"line":14,"column":84}},"8":{"start":{"line":15,"column":22},"end":{"line":15,"column":84}},"9":{"start":{"line":16,"column":4},"end":{"line":19,"column":9}},"10":{"start":{"line":22,"column":2},"end":{"line":46,"column":4}},"11":{"start":{"line":31,"column":27},"end":{"line":31,"column":54}},"12":{"start":{"line":41,"column":27},"end":{"line":41,"column":54}},"13":{"start":{"line":48,"column":0},"end":{"line":48,"column":21}}},"fnMap":{"0":{"name":"(anonymous_9)","decl":{"start":{"line":7,"column":36},"end":{"line":7,"column":37}},"loc":{"start":{"line":7,"column":53},"end":{"line":47,"column":1}}},"1":{"name":"(anonymous_10)","decl":{"start":{"line":11,"column":23},"end":{"line":11,"column":24}},"loc":{"start":{"line":11,"column":46},"end":{"line":20,"column":3}}},"2":{"name":"(anonymous_11)","decl":{"start":{"line":31,"column":20},"end":{"line":31,"column":21}},"loc":{"start":{"line":31,"column":27},"end":{"line":31,"column":54}}},"3":{"name":"(anonymous_12)","decl":{"start":{"line":41,"column":20},"end":{"line":41,"column":21}},"loc":{"start":{"line":41,"column":27},"end":{"line":41,"column":54}}}},"branchMap":{},"s":{"0":2,"1":2,"2":21,"3":21,"4":21,"5":1,"6":1,"7":1,"8":1,"9":1,"10":21,"11":8,"12":11,"13":2},"f":{"0":21,"1":1,"2":8,"3":11},"b":{}}
,"C:\\Users\\usuario\\Documents\\Codigos\\6\\Testing\\vite-project\\src\\exercise\\sharedComponent\\spinner.tsx": {"path":"C:\\Users\\usuario\\Documents\\Codigos\\6\\Testing\\vite-project\\src\\exercise\\sharedComponent\\spinner.tsx","statementMap":{"0":{"start":{"line":1,"column":0},"end":{"line":1,"column":31}},"1":{"start":{"line":4,"column":2},"end":{"line":9,"column":4}},"2":{"start":{"line":12,"column":0},"end":{"line":12,"column":23}}},"fnMap":{"0":{"name":"Spinner","decl":{"start":{"line":3,"column":9},"end":{"line":3,"column":16}},"loc":{"start":{"line":3,"column":16},"end":{"line":10,"column":1}}}},"branchMap":{},"s":{"0":0,"1":0,"2":0},"f":{"0":0},"b":{}}
,"C:\\Users\\usuario\\Documents\\Codigos\\6\\Testing\\vite-project\\src\\exercise\\sharedComponent\\useCounter.tsx": {"path":"C:\\Users\\usuario\\Documents\\Codigos\\6\\Testing\\vite-project\\src\\exercise\\sharedComponent\\useCounter.tsx","statementMap":{"0":{"start":{"line":1,"column":0},"end":{"line":1,"column":31}},"1":{"start":{"line":4,"column":28},"end":{"line":4,"column":56}},"2":{"start":{"line":5,"column":20},"end":{"line":5,"column":51}},"3":{"start":{"line":5,"column":26},"end":{"line":5,"column":51}},"4":{"start":{"line":5,"column":42},"end":{"line":5,"column":50}},"5":{"start":{"line":6,"column":20},"end":{"line":6,"column":51}},"6":{"start":{"line":6,"column":26},"end":{"line":6,"column":51}},"7":{"start":{"line":6,"column":42},"end":{"line":6,"column":50}},"8":{"start":{"line":7,"column":2},"end":{"line":7,"column":41}},"9":{"start":{"line":10,"column":0},"end":{"line":10,"column":26}}},"fnMap":{"0":{"name":"useCounter","decl":{"start":{"line":3,"column":9},"end":{"line":3,"column":19}},"loc":{"start":{"line":3,"column":55},"end":{"line":8,"column":1}}},"1":{"name":"(anonymous_10)","decl":{"start":{"line":5,"column":20},"end":{"line":5,"column":23}},"loc":{"start":{"line":5,"column":26},"end":{"line":5,"column":51}}},"2":{"name":"(anonymous_11)","decl":{"start":{"line":5,"column":35},"end":{"line":5,"column":36}},"loc":{"start":{"line":5,"column":42},"end":{"line":5,"column":50}}},"3":{"name":"(anonymous_12)","decl":{"start":{"line":6,"column":20},"end":{"line":6,"column":23}},"loc":{"start":{"line":6,"column":26},"end":{"line":6,"column":51}}},"4":{"name":"(anonymous_13)","decl":{"start":{"line":6,"column":35},"end":{"line":6,"column":36}},"loc":{"start":{"line":6,"column":42},"end":{"line":6,"column":50}}}},"branchMap":{"0":{"loc":{"start":{"line":3,"column":20},"end":{"line":3,"column":55}},"type":"default-arg","locations":[{"start":{"line":3,"column":53},"end":{"line":3,"column":55}}]},"1":{"loc":{"start":{"line":3,"column":22},"end":{"line":3,"column":38}},"type":"default-arg","locations":[{"start":{"line":3,"column":37},"end":{"line":3,"column":38}}]},"2":{"loc":{"start":{"line":3,"column":40},"end":{"line":3,"column":48}},"type":"default-arg","locations":[{"start":{"line":3,"column":47},"end":{"line":3,"column":48}}]}},"s":{"0":0,"1":0,"2":0,"3":0,"4":0,"5":0,"6":0,"7":0,"8":0,"9":0},"f":{"0":0,"1":0,"2":0,"3":0,"4":0},"b":{"0":[0],"1":[0],"2":[0]}}
}
