TN:
SF:src\App.tsx
FN:6,App
FN:21,(anonymous_2)
FN:21,(anonymous_3)
FNF:3
FNH:0
FNDA:0,App
FNDA:0,(anonymous_2)
FNDA:0,(anonymous_3)
DA:1,0
DA:2,0
DA:3,0
DA:4,0
DA:7,0
DA:9,0
DA:21,0
DA:35,0
LF:8
LH:0
BRF:0
BRH:0
end_of_record
TN:
SF:src\main.tsx
FNF:0
FNH:0
DA:1,0
DA:2,0
DA:3,0
DA:4,0
DA:6,0
LF:5
LH:0
BRF:0
BRH:0
end_of_record
TN:
SF:src\vite-env.d.ts
FNF:0
FNH:0
LF:0
LH:0
BRF:0
BRH:0
end_of_record
TN:
SF:src\exercise\00-MockFunctions\forEach.ts
FN:5,forEach
FNF:1
FNH:1
FNDA:4,forEach
DA:5,1
DA:6,4
DA:7,12
LF:3
LH:3
BRF:0
BRH:0
end_of_record
TN:
SF:src\exercise\01-MockModule\convertCase.ts
FN:7,convertCase
FNF:1
FNH:1
FNDA:6,convertCase
DA:3,1
DA:7,1
DA:9,6
DA:11,2
DA:13,1
DA:15,2
DA:17,1
LF:7
LH:7
BRDA:9,0,0,2
BRDA:9,0,1,1
BRDA:9,0,2,2
BRDA:9,0,3,1
BRF:4
BRH:4
end_of_record
TN:
SF:src\exercise\01-MockModule\utils.ts
FN:1,reverseString
FN:5,toUpperCase
FN:9,toLowerCase
FNF:3
FNH:0
FNDA:0,reverseString
FNDA:0,toUpperCase
FNDA:0,toLowerCase
DA:1,0
DA:2,0
DA:5,0
DA:6,0
DA:9,0
DA:10,0
LF:6
LH:0
BRF:0
BRH:0
end_of_record
TN:
SF:src\exercise\02-Snapshots\SuperHeros\getFlyingSuperHeros.ts
FN:6,getFlyingSuperHeros
FN:7,(anonymous_1)
FNF:2
FNH:2
FNDA:3,getFlyingSuperHeros
FNDA:24,(anonymous_1)
DA:6,1
DA:7,24
LF:2
LH:2
BRF:0
BRH:0
end_of_record
TN:
SF:src\exercise\02-Snapshots\SuperHeros\superHeros.ts
FNF:0
FNH:0
DA:1,1
LF:1
LH:1
BRF:0
BRH:0
end_of_record
TN:
SF:src\exercise\03-ReactDom\Counter.tsx
FN:3,(anonymous_1)
FN:6,(anonymous_2)
FN:7,(anonymous_3)
FNF:3
FNH:3
FNDA:4,(anonymous_1)
FNDA:1,(anonymous_2)
FNDA:1,(anonymous_3)
DA:1,1
DA:3,1
DA:4,4
DA:6,4
DA:7,4
DA:9,4
DA:18,1
LF:7
LH:7
BRF:0
BRH:0
end_of_record
TN:
SF:src\exercise\04-ReactTestingLibrary\Users.tsx
FN:3,(anonymous_1)
FNF:1
FNH:1
FNDA:2,(anonymous_1)
DA:1,1
DA:3,1
DA:4,2
DA:15,1
LF:4
LH:4
BRF:0
BRH:0
end_of_record
TN:
SF:src\exercise\06-Practice-UserAccount\UserAccount.tsx
FN:9,(anonymous_9)
FNF:1
FNH:0
FNDA:0,(anonymous_9)
DA:1,0
DA:9,0
DA:11,0
LF:3
LH:0
BRDA:14,0,0,0
BRDA:14,0,1,0
BRF:2
BRH:0
end_of_record
TN:
SF:src\exercise\06-Practice-UserAccount\UserList.tsx
FN:4,(anonymous_9)
FN:12,(anonymous_10)
FNF:2
FNH:0
FNDA:0,(anonymous_9)
FNDA:0,(anonymous_10)
DA:1,0
DA:4,0
DA:5,0
DA:6,0
DA:8,0
DA:13,0
LF:6
LH:0
BRDA:5,0,0,0
BRF:1
BRH:0
end_of_record
TN:
SF:src\exercise\08-MockHTTPRequests\handlers.ts
FN:4,(anonymous_0)
FNF:1
FNH:0
FNDA:0,(anonymous_0)
DA:1,0
DA:3,0
DA:5,0
DA:6,0
DA:7,0
DA:12,0
LF:6
LH:0
BRDA:6,0,0,0
BRDA:6,1,0,0
BRDA:6,1,1,0
BRF:3
BRH:0
end_of_record
TN:
SF:src\exercise\sharedComponent\Counter.tsx
FN:3,(anonymous_1)
FN:6,(anonymous_2)
FN:7,(anonymous_3)
FNF:3
FNH:3
FNDA:4,(anonymous_1)
FNDA:1,(anonymous_2)
FNDA:1,(anonymous_3)
DA:1,2
DA:3,2
DA:4,4
DA:6,4
DA:7,4
DA:9,4
DA:19,2
DA:23,2
LF:8
LH:8
BRF:0
BRH:0
end_of_record
TN:
SF:src\exercise\sharedComponent\Login.tsx
FN:7,(anonymous_9)
FN:11,(anonymous_10)
FN:31,(anonymous_11)
FN:41,(anonymous_12)
FNF:4
FNH:4
FNDA:21,(anonymous_9)
FNDA:1,(anonymous_10)
FNDA:8,(anonymous_11)
FNDA:11,(anonymous_12)
DA:1,2
DA:7,2
DA:8,21
DA:9,21
DA:11,21
DA:12,1
DA:13,1
DA:14,1
DA:15,1
DA:16,1
DA:22,21
DA:31,8
DA:41,11
DA:48,2
LF:14
LH:14
BRF:0
BRH:0
end_of_record
TN:
SF:src\exercise\sharedComponent\spinner.tsx
FN:3,Spinner
FNF:1
FNH:0
FNDA:0,Spinner
DA:1,0
DA:4,0
DA:12,0
LF:3
LH:0
BRF:0
BRH:0
end_of_record
TN:
SF:src\exercise\sharedComponent\useCounter.tsx
FN:3,useCounter
FN:5,(anonymous_10)
FN:5,(anonymous_11)
FN:6,(anonymous_12)
FN:6,(anonymous_13)
FNF:5
FNH:0
FNDA:0,useCounter
FNDA:0,(anonymous_10)
FNDA:0,(anonymous_11)
FNDA:0,(anonymous_12)
FNDA:0,(anonymous_13)
DA:1,0
DA:4,0
DA:5,0
DA:6,0
DA:7,0
DA:10,0
LF:6
LH:0
BRDA:3,0,0,0
BRDA:3,1,0,0
BRDA:3,2,0,0
BRF:3
BRH:0
end_of_record
