TN:
SF:src\vite-env.d.ts
FNF:0
FNH:0
LF:0
LH:0
BRF:0
BRH:0
end_of_record
TN:
SF:src\exercise\00-MockFunctions\forEach.ts
FN:5,forEach
FNF:1
FNH:1
FNDA:4,forEach
DA:5,1
DA:6,4
DA:7,12
LF:3
LH:3
BRF:0
BRH:0
end_of_record
TN:
SF:src\exercise\01-MockModule\convertCase.ts
FN:7,convertCase
FNF:1
FNH:1
FNDA:6,convertCase
DA:3,1
DA:7,1
DA:9,6
DA:11,2
DA:13,1
DA:15,2
DA:17,1
LF:7
LH:7
BRDA:9,0,0,2
BRDA:9,0,1,1
BRDA:9,0,2,2
BRDA:9,0,3,1
BRF:4
BRH:4
end_of_record
TN:
SF:src\exercise\01-MockModule\utils.ts
FN:1,reverseString
FN:5,toUpperCase
FN:9,toLowerCase
FNF:3
FNH:0
FNDA:0,reverseString
FNDA:0,toUpperCase
FNDA:0,toLowerCase
DA:1,0
DA:2,0
DA:5,0
DA:6,0
DA:9,0
DA:10,0
LF:6
LH:0
BRF:0
BRH:0
end_of_record
TN:
SF:src\exercise\02-Snapshots\SuperHeros\getFlyingSuperHeros.ts
FN:6,getFlyingSuperHeros
FN:7,(anonymous_1)
FNF:2
FNH:2
FNDA:3,getFlyingSuperHeros
FNDA:24,(anonymous_1)
DA:6,1
DA:7,24
LF:2
LH:2
BRF:0
BRH:0
end_of_record
TN:
SF:src\exercise\02-Snapshots\SuperHeros\superHeros.ts
FNF:0
FNH:0
DA:1,1
LF:1
LH:1
BRF:0
BRH:0
end_of_record
